<?xml version="1.0" encoding="UTF-8"?>
<testng-results skipped="0" failed="1" total="3" passed="2">
  <reporter-output>
  </reporter-output>
  <suite name="Default suite" duration-ms="34117" started-at="2017-04-21T13:27:58Z" finished-at="2017-04-21T13:28:32Z">
    <groups>
    </groups>
    <test name="Default test" duration-ms="34117" started-at="2017-04-21T13:27:58Z" finished-at="2017-04-21T13:28:32Z">
      <class name="Smoketest.Homepage">
        <test-method status="PASS" signature="screenshot()[pri:0, instance:Smoketest.Homepage@7ce6de16]" name="screenshot" duration-ms="11838" started-at="2017-04-21T18:58:06Z" finished-at="2017-04-21T18:58:18Z">
          <reporter-output>
          </reporter-output>
        </test-method> <!-- screenshot -->
        <test-method status="PASS" signature="teardown(org.testng.ITestResult)[pri:0, instance:Smoketest.Homepage@7ce6de16]" name="teardown" is-config="true" duration-ms="2" started-at="2017-04-21T18:58:18Z" finished-at="2017-04-21T18:58:18Z">
          <params>
            <param index="0">
              <value>
                <![CDATA[[TestResult name=screenshot status=SUCCESS method=Homepage.screenshot()[pri:0, instance:Smoketest.Homepage@7ce6de16] output={null}]]]>
              </value>
            </param>
          </params>
          <reporter-output>
          </reporter-output>
        </test-method> <!-- teardown -->
        <test-method status="PASS" signature="smoke()[pri:0, instance:Smoketest.Homepage@7ce6de16]" name="smoke" duration-ms="13513" started-at="2017-04-21T18:58:18Z" finished-at="2017-04-21T18:58:31Z">
          <reporter-output>
          </reporter-output>
        </test-method> <!-- smoke -->
        <test-method status="PASS" signature="teardown(org.testng.ITestResult)[pri:0, instance:Smoketest.Homepage@7ce6de16]" name="teardown" is-config="true" duration-ms="826" started-at="2017-04-21T18:58:31Z" finished-at="2017-04-21T18:58:32Z">
          <params>
            <param index="0">
              <value>
                <![CDATA[[TestResult name=smoke status=SUCCESS method=Homepage.smoke()[pri:0, instance:Smoketest.Homepage@7ce6de16] output={null}]]]>
              </value>
            </param>
          </params>
          <reporter-output>
          </reporter-output>
        </test-method> <!-- teardown -->
      </class> <!-- Smoketest.Homepage -->
      <class name="Smoketest.Homepage$TC002">
        <test-method status="FAIL" signature="capturescreenshot()[pri:0, instance:Smoketest.Homepage$TC002@18feb66a]" name="capturescreenshot" duration-ms="7875" started-at="2017-04-21T18:57:58Z" finished-at="2017-04-21T18:58:06Z">
          <exception class="org.openqa.selenium.NoSuchElementException">
            <message>
              <![CDATA[Unable to locate element: {"method":"xpath","selector":"//dijljv[@id='choose_cities_chosen']//a//span"}
Command duration or timeout: 147 milliseconds
For documentation on this error, please visit: http://seleniumhq.org/exceptions/no_such_element.html
Build info: version: '2.53.1', revision: 'a36b8b1', time: '2016-06-30 17:37:03'
System info: host: 'ORBCHNDES-152A', ip: '192.168.45.121', os.name: 'Windows 8.1', os.arch: 'amd64', os.version: '6.3', java.version: '1.7.0_80-ea'
*** Element info: {Using=xpath, value=//dijljv[@id='choose_cities_chosen']//a//span}
Session ID: 8e08b90f-ec20-49df-8a4c-72ee739529f5
Driver info: org.openqa.selenium.firefox.FirefoxDriver
Capabilities [{platform=WINDOWS, acceptSslCerts=true, javascriptEnabled=true, cssSelectorsEnabled=true, databaseEnabled=true, browserName=firefox, handlesAlerts=true, nativeEvents=false, webStorageEnabled=true, rotatable=false, locationContextEnabled=true, applicationCacheEnabled=true, takesScreenshot=true, version=38.5.0}]]]>
            </message>
            <full-stacktrace>
              <![CDATA[org.openqa.selenium.NoSuchElementException: Unable to locate element: {"method":"xpath","selector":"//dijljv[@id='choose_cities_chosen']//a//span"}
Command duration or timeout: 147 milliseconds
For documentation on this error, please visit: http://seleniumhq.org/exceptions/no_such_element.html
Build info: version: '2.53.1', revision: 'a36b8b1', time: '2016-06-30 17:37:03'
System info: host: 'ORBCHNDES-152A', ip: '192.168.45.121', os.name: 'Windows 8.1', os.arch: 'amd64', os.version: '6.3', java.version: '1.7.0_80-ea'
*** Element info: {Using=xpath, value=//dijljv[@id='choose_cities_chosen']//a//span}
Session ID: 8e08b90f-ec20-49df-8a4c-72ee739529f5
Driver info: org.openqa.selenium.firefox.FirefoxDriver
Capabilities [{platform=WINDOWS, acceptSslCerts=true, javascriptEnabled=true, cssSelectorsEnabled=true, databaseEnabled=true, browserName=firefox, handlesAlerts=true, nativeEvents=false, webStorageEnabled=true, rotatable=false, locationContextEnabled=true, applicationCacheEnabled=true, takesScreenshot=true, version=38.5.0}]
	at sun.reflect.NativeConstructorAccessorImpl.newInstance0(Native Method)
	at sun.reflect.NativeConstructorAccessorImpl.newInstance(Unknown Source)
	at sun.reflect.DelegatingConstructorAccessorImpl.newInstance(Unknown Source)
	at java.lang.reflect.Constructor.newInstance(Unknown Source)
	at org.openqa.selenium.remote.ErrorHandler.createThrowable(ErrorHandler.java:206)
	at org.openqa.selenium.remote.ErrorHandler.throwIfResponseFailed(ErrorHandler.java:158)
	at org.openqa.selenium.remote.RemoteWebDriver.execute(RemoteWebDriver.java:678)
	at org.openqa.selenium.remote.RemoteWebDriver.findElement(RemoteWebDriver.java:363)
	at org.openqa.selenium.remote.RemoteWebDriver.findElementByXPath(RemoteWebDriver.java:500)
	at org.openqa.selenium.By$ByXPath.findElement(By.java:361)
	at org.openqa.selenium.remote.RemoteWebDriver.findElement(RemoteWebDriver.java:355)
	at Smoketest.Homepage$TC002.capturescreenshot(Homepage.java:37)
	at sun.reflect.NativeMethodAccessorImpl.invoke0(Native Method)
	at sun.reflect.NativeMethodAccessorImpl.invoke(Unknown Source)
	at sun.reflect.DelegatingMethodAccessorImpl.invoke(Unknown Source)
	at java.lang.reflect.Method.invoke(Unknown Source)
	at org.testng.internal.MethodInvocationHelper.invokeMethod(MethodInvocationHelper.java:85)
	at org.testng.internal.Invoker.invokeMethod(Invoker.java:639)
	at org.testng.internal.Invoker.invokeTestMethod(Invoker.java:816)
	at org.testng.internal.Invoker.invokeTestMethods(Invoker.java:1124)
	at org.testng.internal.TestMethodWorker.invokeTestMethods(TestMethodWorker.java:125)
	at org.testng.internal.TestMethodWorker.run(TestMethodWorker.java:108)
	at org.testng.TestRunner.privateRun(TestRunner.java:774)
	at org.testng.TestRunner.run(TestRunner.java:624)
	at org.testng.SuiteRunner.runTest(SuiteRunner.java:359)
	at org.testng.SuiteRunner.runSequentially(SuiteRunner.java:354)
	at org.testng.SuiteRunner.privateRun(SuiteRunner.java:312)
	at org.testng.SuiteRunner.run(SuiteRunner.java:261)
	at org.testng.SuiteRunnerWorker.runSuite(SuiteRunnerWorker.java:52)
	at org.testng.SuiteRunnerWorker.run(SuiteRunnerWorker.java:86)
	at org.testng.TestNG.runSuitesSequentially(TestNG.java:1215)
	at org.testng.TestNG.runSuitesLocally(TestNG.java:1140)
	at org.testng.TestNG.run(TestNG.java:1048)
	at org.testng.remote.AbstractRemoteTestNG.run(AbstractRemoteTestNG.java:132)
	at org.testng.remote.RemoteTestNG.initAndRun(RemoteTestNG.java:230)
	at org.testng.remote.RemoteTestNG.main(RemoteTestNG.java:76)
Caused by: org.openqa.selenium.NoSuchElementException: Unable to locate element: {"method":"xpath","selector":"//dijljv[@id='choose_cities_chosen']//a//span"}
For documentation on this error, please visit: http://seleniumhq.org/exceptions/no_such_element.html
Build info: version: '2.53.1', revision: 'a36b8b1', time: '2016-06-30 17:37:03'
System info: host: 'ORBCHNDES-152A', ip: '192.168.45.121', os.name: 'Windows 8.1', os.arch: 'amd64', os.version: '6.3', java.version: '1.7.0_80-ea'
Driver info: driver.version: unknown
	at <anonymous class>.FirefoxDriver.prototype.findElementInternal_(file:///C:/Users/DEVASE~1/AppData/Local/Temp/anonymous2556927218930141359webdriver-profile/extensions/fxdriver@googlecode.com/components/driver-component.js:10770)
	at <anonymous class>.FirefoxDriver.prototype.findElement(file:///C:/Users/DEVASE~1/AppData/Local/Temp/anonymous2556927218930141359webdriver-profile/extensions/fxdriver@googlecode.com/components/driver-component.js:10779)
	at <anonymous class>.DelayedCommand.prototype.executeInternal_/h(file:///C:/Users/DEVASE~1/AppData/Local/Temp/anonymous2556927218930141359webdriver-profile/extensions/fxdriver@googlecode.com/components/command-processor.js:12661)
	at <anonymous class>.DelayedCommand.prototype.executeInternal_(file:///C:/Users/DEVASE~1/AppData/Local/Temp/anonymous2556927218930141359webdriver-profile/extensions/fxdriver@googlecode.com/components/command-processor.js:12666)
	at <anonymous class>.DelayedCommand.prototype.execute/<(file:///C:/Users/DEVASE~1/AppData/Local/Temp/anonymous2556927218930141359webdriver-profile/extensions/fxdriver@googlecode.com/components/command-processor.js:12608)
]]>
            </full-stacktrace>
          </exception> <!-- org.openqa.selenium.NoSuchElementException -->
          <reporter-output>
          </reporter-output>
        </test-method> <!-- capturescreenshot -->
      </class> <!-- Smoketest.Homepage$TC002 -->
    </test> <!-- Default test -->
  </suite> <!-- Default suite -->
</testng-results>
